<?xml version="1.0" encoding="UTF-8"?>
<!-- Generated by org.testng.reporters.JUnitReportReporter -->
<testsuite skipped="0" hostname="Administrator" name="com.adorgroup.sorta.sql.test.UserServiceTestCase" tests="6" failures="0" timestamp="2021-03-04T21:24:41 CST" time="16.131" errors="0">
  <testcase name="testOrderBy" time="2.664" classname="com.adorgroup.sorta.sql.test.UserServiceTestCase"/>
  <system-out/>
  <testcase name="testAll" time="2.677" classname="com.adorgroup.sorta.sql.test.UserServiceTestCase"/>
  <system-out/>
  <testcase name="testWhereOr" time="2.706" classname="com.adorgroup.sorta.sql.test.UserServiceTestCase"/>
  <system-out/>
  <testcase name="testLimit" time="2.687" classname="com.adorgroup.sorta.sql.test.UserServiceTestCase"/>
  <system-out/>
  <testcase name="testGroupBy" time="2.701" classname="com.adorgroup.sorta.sql.test.UserServiceTestCase"/>
  <system-out/>
  <testcase name="testWhere" time="2.696" classname="com.adorgroup.sorta.sql.test.UserServiceTestCase"/>
  <system-out/>
</testsuite> <!-- com.adorgroup.sorta.sql.test.UserServiceTestCase -->
